[2023-03-28 18:00:45] [info] Start Program:
Path:"C:\UBB\Semestrul 2\Programare orientata obiect\Lab 2-4 (alocare dinamica)\x64\Debug\Lab 2-4 (alocare dinamica).exe"
Arguments:
Working directory: "C:\UBB\Semestrul 2\Programare orientata obiect\Lab 2-4 (alocare dinamica)\Lab 2-4 (alocare dinamica)\"
Modules: Selected: C:\UBB\Semestrul 2\Programare orientata obiect\Lab 2-4 (alocare dinamica)\x64\Debug\Lab 2-4 (alocare dinamica).exe Excluded: 
Sources: Selected: C:\UBB\Semestrul 2\Programare orientata obiect\Lab 2-4 (alocare dinamica)\Lab 2-4 (alocare dinamica) Excluded: 
Log Level: Normal
Cover Children: 0
Aggregate by file: 1
Continue after C++ exception: 0
Optimized build support: 0
Export: Binary C:\Users\Alex\AppData\Local\Temp\gbj5g1aq.f1u 
Input coverage: 
Unified diff: 
Excluded line regular expressions: 
Substitute pdb source paths: 

[2023-03-28 18:00:45] [info] Module: C:\UBB\Semestrul 2\Programare orientata obiect\Lab 2-4 (alocare dinamica)\x64\Debug\Lab 2-4 (alocare dinamica).exe is selected because it matches selected pattern: C:\UBB\Semestrul 2\Programare orientata obiect\Lab 2-4 (alocare dinamica)\x64\Debug\Lab 2-4 (alocare dinamica).exe
[2023-03-28 18:00:45] [info] ----------------------------------------------------
[2023-03-28 18:00:45] [info] Coverage binary generated in file: C:\Users\Alex\AppData\Local\Temp\gbj5g1aq.f1u
[2023-03-28 18:00:45] [info] ----------------------------------------------------
