[2023-05-09 15:42:00] [info] Start Program:
Path:"C:\UBB\Semestrul 2\Programare orientata obiect\Lab 9\x64\Debug\Lab 9.exe"
Arguments:
Working directory: "C:\UBB\Semestrul 2\Programare orientata obiect\Lab 9\Lab 9\"
Modules: Selected: C:\UBB\Semestrul 2\Programare orientata obiect\Lab 9\x64\Debug\Lab 9.exe Excluded: 
Sources: Selected: C:\UBB\Semestrul 2\Programare orientata obiect\Lab 9\Lab 9 Excluded: 
Log Level: Normal
Cover Children: 0
Aggregate by file: 1
Continue after C++ exception: 0
Optimized build support: 0
Export: Binary C:\Users\Alex\AppData\Local\Temp\r0oari1g.emj 
Input coverage: 
Unified diff: 
Excluded line regular expressions: 
Substitute pdb source paths: 

[2023-05-09 15:42:00] [info] Module: C:\UBB\Semestrul 2\Programare orientata obiect\Lab 9\x64\Debug\Lab 9.exe is selected because it matches selected pattern: C:\UBB\Semestrul 2\Programare orientata obiect\Lab 9\x64\Debug\Lab 9.exe
[2023-05-09 15:42:00] [info] ----------------------------------------------------
[2023-05-09 15:42:00] [info] Coverage binary generated in file: C:\Users\Alex\AppData\Local\Temp\r0oari1g.emj
[2023-05-09 15:42:00] [info] ----------------------------------------------------
