[2023-04-20 23:14:06] [info] Start Program:
Path:"C:\UBB\Semestrul 2\Programare orientata obiect\Lab 6\x64\Debug\Lab 6.exe"
Arguments:
Working directory: "C:\UBB\Semestrul 2\Programare orientata obiect\Lab 6\Lab 6\"
Modules: Selected: C:\UBB\Semestrul 2\Programare orientata obiect\Lab 6\x64\Debug\Lab 6.exe Excluded: 
Sources: Selected: C:\UBB\Semestrul 2\Programare orientata obiect\Lab 6\Lab 6 Excluded: 
Log Level: Normal
Cover Children: 0
Aggregate by file: 1
Continue after C++ exception: 0
Optimized build support: 0
Export: Binary C:\Users\Alex\AppData\Local\Temp\dqdkhyou.kpt 
Input coverage: 
Unified diff: 
Excluded line regular expressions: 
Substitute pdb source paths: 

[2023-04-20 23:14:06] [info] Module: C:\UBB\Semestrul 2\Programare orientata obiect\Lab 6\x64\Debug\Lab 6.exe is selected because it matches selected pattern: C:\UBB\Semestrul 2\Programare orientata obiect\Lab 6\x64\Debug\Lab 6.exe
[2023-04-20 23:14:06] [info] ----------------------------------------------------
[2023-04-20 23:14:06] [info] Coverage binary generated in file: C:\Users\Alex\AppData\Local\Temp\dqdkhyou.kpt
[2023-04-20 23:14:06] [info] ----------------------------------------------------
